<?xml version="1.0" encoding="UTF-8"?>
<!-- Generated by org.testng.reporters.JUnitXMLReporter -->
<testsuite ignored="6" hostname="LAPTOP-38QPER0S" failures="2" tests="2" name="GroupTest" time="0.036" errors="0" timestamp="2023-01-30T21:51:27 IST">
  <testcase classname="vtiger.VtigerTest" name="loginVtiger" time="0.006">
    <failure type="java.lang.NullPointerException" message="Cannot invoke &amp;quot;Page.VtigerLoginPage.login()&amp;quot; because &amp;quot;this.vtigerLoginPage&amp;quot; is null">
      <![CDATA[java.lang.NullPointerException: Cannot invoke "Page.VtigerLoginPage.login()" because "this.vtigerLoginPage" is null
at vtiger.VtigerTest.loginVtiger(VtigerTest.java:55)
at java.base/java.util.ArrayList.forEach(ArrayList.java:1511)
... Removed 27 stack frames]]>
    </failure>
  </testcase> <!-- loginVtiger -->
  <testcase classname="vtiger.VtigerTest" name="loginVtigerFromPropertiesFile" time="0.0">
    <failure type="java.lang.NullPointerException" message="Cannot invoke &amp;quot;Page.VtigerLoginPage.loginFromPropertiesFile()&amp;quot; because &amp;quot;this.vtigerLoginPage&amp;quot; is null">
      <![CDATA[java.lang.NullPointerException: Cannot invoke "Page.VtigerLoginPage.loginFromPropertiesFile()" because "this.vtigerLoginPage" is null
at vtiger.VtigerTest.loginVtigerFromPropertiesFile(VtigerTest.java:61)
at java.base/java.util.ArrayList.forEach(ArrayList.java:1511)
... Removed 27 stack frames]]>
    </failure>
  </testcase> <!-- loginVtigerFromPropertiesFile -->
  <testcase classname="vtiger.VtigerTest" name="parameterization" time="0.0">
    <ignored/>
  </testcase> <!-- parameterization -->
  <testcase classname="vtiger.VtigerTest" name="loginVtigerwithDataProvider" time="0.0">
    <ignored/>
  </testcase> <!-- loginVtigerwithDataProvider -->
  <testcase classname="vtiger.VtigerTest" name="validateSearchBox" time="0.0">
    <ignored/>
  </testcase> <!-- validateSearchBox -->
  <testcase classname="vtiger.VtigerTest" name="loginVtigerFromExcelSheet" time="0.0">
    <ignored/>
  </testcase> <!-- loginVtigerFromExcelSheet -->
  <testcase classname="vtiger.VtigerTest" name="marketingLeadsCheck" time="0.0">
    <ignored/>
  </testcase> <!-- marketingLeadsCheck -->
  <testcase classname="vtiger.VtigerTest" name="dataDrivenTestCase" time="0.0">
    <ignored/>
  </testcase> <!-- dataDrivenTestCase -->
</testsuite> <!-- GroupTest -->
