<?xml version="1.0" encoding="UTF-8"?>
<!-- Generated by org.testng.reporters.JUnitXMLReporter -->
<testsuite ignored="7" hostname="LAPTOP-38QPER0S" failures="0" tests="1" name="ParameterTest" time="7.103" errors="0" timestamp="2023-02-02T23:24:24 IST">
  <testcase classname="vtiger.VtigerTest" name="parameterization" time="2.68"/>
  <testcase classname="vtiger.VtigerTest" name="loginVtiger" time="0.0">
    <ignored/>
  </testcase> <!-- loginVtiger -->
  <testcase classname="vtiger.VtigerTest" name="loginVtigerwithDataProvider" time="0.0">
    <ignored/>
  </testcase> <!-- loginVtigerwithDataProvider -->
  <testcase classname="vtiger.VtigerTest" name="validateSearchBox" time="0.0">
    <ignored/>
  </testcase> <!-- validateSearchBox -->
  <testcase classname="vtiger.VtigerTest" name="loginVtigerFromExcelSheet" time="0.0">
    <ignored/>
  </testcase> <!-- loginVtigerFromExcelSheet -->
  <testcase classname="vtiger.VtigerTest" name="marketingLeadsCheck" time="0.0">
    <ignored/>
  </testcase> <!-- marketingLeadsCheck -->
  <testcase classname="vtiger.VtigerTest" name="loginVtigerFromPropertiesFile" time="0.0">
    <ignored/>
  </testcase> <!-- loginVtigerFromPropertiesFile -->
  <testcase classname="vtiger.VtigerTest" name="dataDrivenTestCase" time="0.0">
    <ignored/>
  </testcase> <!-- dataDrivenTestCase -->
</testsuite> <!-- ParameterTest -->
